./AutoMath -QZ Example1
0 beta reduction(s), 1 delta reduction(s), 0 eta reduction(s)
7 + 2 = 9 definitions, 7 + 9 = 16 lines
1 blocks = 32 kilobytes
0 seconds = 0 minutes 0 seconds
AutoMath 4.3, (c) 1997 by satan software; (c) 2016 Darth Ninja

./AutoMath -QZ Example2
5 beta reduction(s), 10 delta reduction(s), 0 eta reduction(s)
2 + 3 = 5 definitions, 2 + 5 = 7 lines
1 blocks = 32 kilobytes
0 seconds = 0 minutes 0 seconds
AutoMath 4.3, (c) 1997 by satan software; (c) 2016 Darth Ninja

./AutoMath -QZ Example3
7 beta reduction(s), 0 delta reduction(s), 0 eta reduction(s)
47 + 1 = 48 definitions, 43 + 48 = 91 lines
1 blocks = 32 kilobytes
0 seconds = 0 minutes 0 seconds
AutoMath 4.3, (c) 1997 by satan software; (c) 2016 Darth Ninja

./AutoMath -QZ Torsor
0 beta reduction(s), 0 delta reduction(s), 0 eta reduction(s)
13 + 6 = 19 definitions, 14 + 19 = 33 lines
1 blocks = 32 kilobytes
0 seconds = 0 minutes 0 seconds
AutoMath 4.3, (c) 1997 by satan software; (c) 2016 Darth Ninja
